[2022-10-26 09:38:43,157] DEBUG    MainThread   - Configuración de debug: {'version': 1, 'formatters': {'standard': {'comment_format': '[%(asctime)s] %(levelname)-8s %(name)-12s %(threadName)-12s - %(message)s', 'format': '[%(asctime)s] %(levelname)-8s %(threadName)-12s - %(message)s'}}, 'handlers': {'file': {'level': 'DEBUG', 'class': 'logging.FileHandler', 'formatter': 'standard', 'encoding': 'utf-8', 'filename': 'C:\\Users\\AlumnoM\\PSP PRUEBA\\SGE-UD05 - Funciones\\nvariable.log'}, 'stream': {'level': 'INFO', 'class': 'logging.StreamHandler', 'formatter': 'standard'}}, 'loggers': {'': {'handlers': ['file', 'stream'], 'level': 'DEBUG'}}}
[2022-10-26 09:38:43,158] DEBUG    MainThread   - Comienzo de programa
[2022-10-26 09:38:43,158] INFO     MainThread   - Hola, Cristina
[2022-10-26 09:38:43,158] INFO     MainThread   - Hola, Irene
[2022-10-26 09:38:43,158] INFO     MainThread   - Hola, Mayte
[2022-10-26 09:38:43,158] INFO     MainThread   - Hola, Manolo
[2022-10-26 09:38:43,158] DEBUG    MainThread   - Fin de programa
[2022-10-26 09:47:53,892] DEBUG    MainThread   - Configuración de debug: {'version': 1, 'formatters': {'standard': {'comment_format': '[%(asctime)s] %(levelname)-8s %(name)-12s %(threadName)-12s - %(message)s', 'format': '[%(asctime)s] %(levelname)-8s %(threadName)-12s - %(message)s'}}, 'handlers': {'file': {'level': 'DEBUG', 'class': 'logging.FileHandler', 'formatter': 'standard', 'encoding': 'utf-8', 'filename': 'C:\\Users\\AlumnoM\\PSP PRUEBA\\SGE-UD05 - Funciones\\nvariable.log'}, 'stream': {'level': 'INFO', 'class': 'logging.StreamHandler', 'formatter': 'standard'}}, 'loggers': {'': {'handlers': ['file', 'stream'], 'level': 'DEBUG'}}}
[2022-10-26 09:47:53,892] DEBUG    MainThread   - Comienzo de programa
[2022-10-26 09:47:53,892] DEBUG    MainThread   - Fin de programa
[2022-10-26 09:48:09,679] DEBUG    MainThread   - Configuración de debug: {'version': 1, 'formatters': {'standard': {'comment_format': '[%(asctime)s] %(levelname)-8s %(name)-12s %(threadName)-12s - %(message)s', 'format': '[%(asctime)s] %(levelname)-8s %(threadName)-12s - %(message)s'}}, 'handlers': {'file': {'level': 'DEBUG', 'class': 'logging.FileHandler', 'formatter': 'standard', 'encoding': 'utf-8', 'filename': 'C:\\Users\\AlumnoM\\PSP PRUEBA\\SGE-UD05 - Funciones\\nvariable.log'}, 'stream': {'level': 'INFO', 'class': 'logging.StreamHandler', 'formatter': 'standard'}}, 'loggers': {'': {'handlers': ['file', 'stream'], 'level': 'DEBUG'}}}
[2022-10-26 09:48:09,679] DEBUG    MainThread   - Comienzo de programa
[2022-10-26 09:48:09,679] DEBUG    MainThread   - Fin de programa
[2022-10-26 09:54:20,633] DEBUG    MainThread   - Configuración de debug: {'version': 1, 'formatters': {'standard': {'comment_format': '[%(asctime)s] %(levelname)-8s %(name)-12s %(threadName)-12s - %(message)s', 'format': '[%(asctime)s] %(levelname)-8s %(threadName)-12s - %(message)s'}}, 'handlers': {'file': {'level': 'DEBUG', 'class': 'logging.FileHandler', 'formatter': 'standard', 'encoding': 'utf-8', 'filename': 'C:\\Users\\AlumnoM\\PSP PRUEBA\\SGE-UD05 - Funciones\\nvariable.log'}, 'stream': {'level': 'INFO', 'class': 'logging.StreamHandler', 'formatter': 'standard'}}, 'loggers': {'': {'handlers': ['file', 'stream'], 'level': 'DEBUG'}}}
[2022-10-26 09:54:20,633] DEBUG    MainThread   - Comienzo de programa
[2022-10-26 09:54:20,634] INFO     MainThread   - Hola, Cristina
[2022-10-26 09:54:20,634] INFO     MainThread   - Hola, Irene
[2022-10-26 09:54:20,634] INFO     MainThread   - Hola, Mayte
[2022-10-26 09:54:20,634] INFO     MainThread   - Hola, Manolo
[2022-10-26 09:54:20,634] DEBUG    MainThread   - Fin de programa
[2022-10-26 09:54:44,872] DEBUG    MainThread   - Configuración de debug: {'version': 1, 'formatters': {'standard': {'comment_format': '[%(asctime)s] %(levelname)-8s %(name)-12s %(threadName)-12s - %(message)s', 'format': '[%(asctime)s] %(levelname)-8s %(threadName)-12s - %(message)s'}}, 'handlers': {'file': {'level': 'DEBUG', 'class': 'logging.FileHandler', 'formatter': 'standard', 'encoding': 'utf-8', 'filename': 'C:\\Users\\AlumnoM\\PSP PRUEBA\\SGE-UD05 - Funciones\\nvariable.log'}, 'stream': {'level': 'INFO', 'class': 'logging.StreamHandler', 'formatter': 'standard'}}, 'loggers': {'': {'handlers': ['file', 'stream'], 'level': 'DEBUG'}}}
[2022-10-26 09:54:44,873] DEBUG    MainThread   - Comienzo de programa
[2022-10-26 09:54:44,873] INFO     MainThread   - Hola, Cristina
[2022-10-26 09:54:44,873] INFO     MainThread   - Hola, Irene
[2022-10-26 09:54:44,873] INFO     MainThread   - Hola, Mayte
[2022-10-26 09:54:44,873] INFO     MainThread   - Hola, Manolo
[2022-10-26 09:54:44,874] DEBUG    MainThread   - Fin de programa
[2022-10-26 09:58:38,089] DEBUG    MainThread   - Configuración de debug: {'version': 1, 'formatters': {'standard': {'comment_format': '[%(asctime)s] %(levelname)-8s %(name)-12s %(threadName)-12s - %(message)s', 'format': '[%(asctime)s] %(levelname)-8s %(threadName)-12s - %(message)s'}}, 'handlers': {'file': {'level': 'DEBUG', 'class': 'logging.FileHandler', 'formatter': 'standard', 'encoding': 'utf-8', 'filename': 'C:\\Users\\AlumnoM\\PSP PRUEBA\\SGE-UD05 - Funciones\\nvariable.log'}, 'stream': {'level': 'INFO', 'class': 'logging.StreamHandler', 'formatter': 'standard'}}, 'loggers': {'': {'handlers': ['file', 'stream'], 'level': 'DEBUG'}}}
[2022-10-26 09:58:38,090] DEBUG    MainThread   - Comienzo de programa
[2022-10-26 09:58:38,090] INFO     MainThread   - Hola, Cristina
[2022-10-26 09:58:38,090] INFO     MainThread   - Hola, Irene
[2022-10-26 09:58:38,090] INFO     MainThread   - Hola, Mayte
[2022-10-26 09:58:38,090] INFO     MainThread   - Hola, Manolo
[2022-10-26 09:58:38,090] DEBUG    MainThread   - Fin de programa
